<?xml version="1.0" encoding="UTF-8"?>
<testng-results skipped="0" failed="0" total="5" passed="5">
  <reporter-output>
  </reporter-output>
  <suite name="Surefire suite" duration-ms="27" started-at="2017-05-13T23:50:04Z" finished-at="2017-05-13T23:50:04Z">
    <groups>
    </groups>
    <test name="Surefire test" duration-ms="27" started-at="2017-05-13T23:50:04Z" finished-at="2017-05-13T23:50:04Z">
      <class name="com.vrtoonjava.invoices.InvoiceFilterTest">
        <test-method status="PASS" signature="testAccept()[pri:0, instance:com.vrtoonjava.invoices.InvoiceFilterTest@19dfb72a]" name="testAccept" duration-ms="1" started-at="2017-05-13T23:50:04Z" finished-at="2017-05-13T23:50:04Z">
        </test-method> <!-- testAccept -->
      </class> <!-- com.vrtoonjava.invoices.InvoiceFilterTest -->
      <class name="com.vrtoonjava.invoices.LocalPaymentCreatorTest">
        <test-method status="PASS" signature="setUp()[pri:0, instance:com.vrtoonjava.invoices.LocalPaymentCreatorTest@7e0ea639]" name="setUp" is-config="true" duration-ms="0" started-at="2017-05-13T23:50:04Z" finished-at="2017-05-13T23:50:04Z">
        </test-method> <!-- setUp -->
        <test-method status="PASS" signature="testCreatePayment()[pri:0, instance:com.vrtoonjava.invoices.LocalPaymentCreatorTest@7e0ea639]" name="testCreatePayment" duration-ms="1" started-at="2017-05-13T23:50:04Z" finished-at="2017-05-13T23:50:04Z">
        </test-method> <!-- testCreatePayment -->
        <test-method status="PASS" signature="setUp()[pri:0, instance:com.vrtoonjava.invoices.LocalPaymentCreatorTest@7e0ea639]" name="setUp" is-config="true" duration-ms="0" started-at="2017-05-13T23:50:04Z" finished-at="2017-05-13T23:50:04Z">
        </test-method> <!-- setUp -->
        <test-method status="PASS" signature="testCreatePayment_WithoutAccount()[pri:0, instance:com.vrtoonjava.invoices.LocalPaymentCreatorTest@7e0ea639]" name="testCreatePayment_WithoutAccount" duration-ms="0" started-at="2017-05-13T23:50:04Z" finished-at="2017-05-13T23:50:04Z">
          <exception class="com.vrtoonjava.banking.PaymentException">
            <message>
              <![CDATA[Account can not be empty when creating local payment!]]>
            </message>
            <full-stacktrace>
              <![CDATA[com.vrtoonjava.banking.PaymentException: Account can not be empty when creating local payment!
	at com.vrtoonjava.invoices.LocalPaymentCreator.createPayment(LocalPaymentCreator.java:19)
	at com.vrtoonjava.invoices.LocalPaymentCreatorTest.testCreatePayment_WithoutAccount(LocalPaymentCreatorTest.java:32)
	at sun.reflect.NativeMethodAccessorImpl.invoke0(Native Method)
	at sun.reflect.NativeMethodAccessorImpl.invoke(NativeMethodAccessorImpl.java:62)
	at sun.reflect.DelegatingMethodAccessorImpl.invoke(DelegatingMethodAccessorImpl.java:43)
	at java.lang.reflect.Method.invoke(Method.java:498)
	at org.testng.internal.MethodInvocationHelper.invokeMethod(MethodInvocationHelper.java:80)
	at org.testng.internal.Invoker.invokeMethod(Invoker.java:702)
	at org.testng.internal.Invoker.invokeTestMethod(Invoker.java:894)
	at org.testng.internal.Invoker.invokeTestMethods(Invoker.java:1219)
	at org.testng.internal.TestMethodWorker.invokeTestMethods(TestMethodWorker.java:127)
	at org.testng.internal.TestMethodWorker.run(TestMethodWorker.java:111)
	at org.testng.TestRunner.privateRun(TestRunner.java:768)
	at org.testng.TestRunner.run(TestRunner.java:617)
	at org.testng.SuiteRunner.runTest(SuiteRunner.java:334)
	at org.testng.SuiteRunner.runSequentially(SuiteRunner.java:329)
	at org.testng.SuiteRunner.privateRun(SuiteRunner.java:291)
	at org.testng.SuiteRunner.run(SuiteRunner.java:240)
	at org.testng.SuiteRunnerWorker.runSuite(SuiteRunnerWorker.java:53)
	at org.testng.SuiteRunnerWorker.run(SuiteRunnerWorker.java:87)
	at org.testng.TestNG.runSuitesSequentially(TestNG.java:1188)
	at org.testng.TestNG.runSuitesLocally(TestNG.java:1113)
	at org.testng.TestNG.run(TestNG.java:1025)
	at org.apache.maven.surefire.testng.TestNGExecutor.run(TestNGExecutor.java:115)
	at org.apache.maven.surefire.testng.TestNGDirectoryTestSuite.executeMulti(TestNGDirectoryTestSuite.java:205)
	at org.apache.maven.surefire.testng.TestNGDirectoryTestSuite.execute(TestNGDirectoryTestSuite.java:108)
	at org.apache.maven.surefire.testng.TestNGProvider.invoke(TestNGProvider.java:111)
	at org.apache.maven.surefire.booter.ForkedBooter.invokeProviderInSameClassLoader(ForkedBooter.java:203)
	at org.apache.maven.surefire.booter.ForkedBooter.runSuitesInProcess(ForkedBooter.java:155)
	at org.apache.maven.surefire.booter.ForkedBooter.main(ForkedBooter.java:103)
]]>
            </full-stacktrace>
          </exception> <!-- com.vrtoonjava.banking.PaymentException -->
        </test-method> <!-- testCreatePayment_WithoutAccount -->
      </class> <!-- com.vrtoonjava.invoices.LocalPaymentCreatorTest -->
      <class name="com.vrtoonjava.invoices.ForeignPaymentCreatorTest">
        <test-method status="PASS" signature="setUp()[pri:0, instance:com.vrtoonjava.invoices.ForeignPaymentCreatorTest@17c68925]" name="setUp" is-config="true" duration-ms="6" started-at="2017-05-13T23:50:04Z" finished-at="2017-05-13T23:50:04Z">
        </test-method> <!-- setUp -->
        <test-method status="PASS" signature="testCreatePayment()[pri:0, instance:com.vrtoonjava.invoices.ForeignPaymentCreatorTest@17c68925]" name="testCreatePayment" duration-ms="5" started-at="2017-05-13T23:50:04Z" finished-at="2017-05-13T23:50:04Z">
        </test-method> <!-- testCreatePayment -->
        <test-method status="PASS" signature="setUp()[pri:0, instance:com.vrtoonjava.invoices.ForeignPaymentCreatorTest@17c68925]" name="setUp" is-config="true" duration-ms="1" started-at="2017-05-13T23:50:04Z" finished-at="2017-05-13T23:50:04Z">
        </test-method> <!-- setUp -->
        <test-method status="PASS" signature="testCreatePayment_WithoutIban()[pri:0, instance:com.vrtoonjava.invoices.ForeignPaymentCreatorTest@17c68925]" name="testCreatePayment_WithoutIban" duration-ms="0" started-at="2017-05-13T23:50:04Z" finished-at="2017-05-13T23:50:04Z">
          <exception class="com.vrtoonjava.banking.PaymentException">
            <message>
              <![CDATA[IBAN mustn't be null when creating foreign payment!]]>
            </message>
            <full-stacktrace>
              <![CDATA[com.vrtoonjava.banking.PaymentException: IBAN mustn't be null when creating foreign payment!
	at com.vrtoonjava.invoices.ForeignPaymentCreator.createPayment(ForeignPaymentCreator.java:19)
	at com.vrtoonjava.invoices.ForeignPaymentCreatorTest.testCreatePayment_WithoutIban(ForeignPaymentCreatorTest.java:32)
	at sun.reflect.NativeMethodAccessorImpl.invoke0(Native Method)
	at sun.reflect.NativeMethodAccessorImpl.invoke(NativeMethodAccessorImpl.java:62)
	at sun.reflect.DelegatingMethodAccessorImpl.invoke(DelegatingMethodAccessorImpl.java:43)
	at java.lang.reflect.Method.invoke(Method.java:498)
	at org.testng.internal.MethodInvocationHelper.invokeMethod(MethodInvocationHelper.java:80)
	at org.testng.internal.Invoker.invokeMethod(Invoker.java:702)
	at org.testng.internal.Invoker.invokeTestMethod(Invoker.java:894)
	at org.testng.internal.Invoker.invokeTestMethods(Invoker.java:1219)
	at org.testng.internal.TestMethodWorker.invokeTestMethods(TestMethodWorker.java:127)
	at org.testng.internal.TestMethodWorker.run(TestMethodWorker.java:111)
	at org.testng.TestRunner.privateRun(TestRunner.java:768)
	at org.testng.TestRunner.run(TestRunner.java:617)
	at org.testng.SuiteRunner.runTest(SuiteRunner.java:334)
	at org.testng.SuiteRunner.runSequentially(SuiteRunner.java:329)
	at org.testng.SuiteRunner.privateRun(SuiteRunner.java:291)
	at org.testng.SuiteRunner.run(SuiteRunner.java:240)
	at org.testng.SuiteRunnerWorker.runSuite(SuiteRunnerWorker.java:53)
	at org.testng.SuiteRunnerWorker.run(SuiteRunnerWorker.java:87)
	at org.testng.TestNG.runSuitesSequentially(TestNG.java:1188)
	at org.testng.TestNG.runSuitesLocally(TestNG.java:1113)
	at org.testng.TestNG.run(TestNG.java:1025)
	at org.apache.maven.surefire.testng.TestNGExecutor.run(TestNGExecutor.java:115)
	at org.apache.maven.surefire.testng.TestNGDirectoryTestSuite.executeMulti(TestNGDirectoryTestSuite.java:205)
	at org.apache.maven.surefire.testng.TestNGDirectoryTestSuite.execute(TestNGDirectoryTestSuite.java:108)
	at org.apache.maven.surefire.testng.TestNGProvider.invoke(TestNGProvider.java:111)
	at org.apache.maven.surefire.booter.ForkedBooter.invokeProviderInSameClassLoader(ForkedBooter.java:203)
	at org.apache.maven.surefire.booter.ForkedBooter.runSuitesInProcess(ForkedBooter.java:155)
	at org.apache.maven.surefire.booter.ForkedBooter.main(ForkedBooter.java:103)
]]>
            </full-stacktrace>
          </exception> <!-- com.vrtoonjava.banking.PaymentException -->
        </test-method> <!-- testCreatePayment_WithoutIban -->
      </class> <!-- com.vrtoonjava.invoices.ForeignPaymentCreatorTest -->
    </test> <!-- Surefire test -->
  </suite> <!-- Surefire suite -->
</testng-results>
